<?xml version="1.0" encoding="UTF-8" ?>
<testsuite errors="0" failures="0" hostname="WPNLL0021547" name="com.google.gwt.sample.stockwatcher.client.StockWatcherTest" skipped="0" tests="2" time="10.361" timestamp="2016-04-04T12:13:57">
  <properties>
[...]
</properties>
  <testcase classname="com.google.gwt.sample.stockwatcher.client.StockWatcherTest" name="testStockPriceCtor" time="10.145"></testcase>
  <testcase classname="com.google.gwt.sample.stockwatcher.client.StockWatcherTest" name="testSimple" time="0.05"></testcase>
  <system-out><![CDATA[Rebinding com.google.gwt.core.client.impl.SchedulerImpl
   Checking rule <generate-with class='com.google.gwt.editor.rebind.SimpleBeanEditorDriverGenerator'/>
      [WARN] Detected warnings related to 'com.google.gwt.editor.client.SimpleBeanEditorDriver'.   Are validation-api-<version>.jar and validation-api-<version>-sources.jar on the classpath?
      [WARN] Unknown type 'com.google.gwt.editor.client.SimpleBeanEditorDriver' specified in deferred binding rule
]]></system-out>
  <system-err><![CDATA[apr 04, 2016 2:13:58 PM java.util.prefs.WindowsPreferences <init>
WARNING: Could not open/create prefs root node Software\JavaSoft\Prefs at root 0x80000002. Windows RegCreateKeyEx(...) returned error code 5.
]]></system-err>
</testsuite>
